* using log directory 'C:/Users/SEO/Desktop/Josh/School/UCB/Spring 2018/Stat 133/hw-stat133/dieroller.Rcheck'
* using R version 3.4.4 (2018-03-15)
* using platform: x86_64-w64-mingw32 (64-bit)
* using session charset: ISO8859-1
* using options '--no-manual --as-cran'
* checking for file 'dieroller/DESCRIPTION' ... OK
* checking extension type ... Package
* this is package 'dieroller' version '0.1.0'
* package encoding: UTF-8
* checking CRAN incoming feasibility ... NOTE
Maintainer: 'The package maintainer <yseo3@berkeley.edu>'

The Description field should not start with the package name,
  'This package' or similar.
* checking package namespace information ... OK
* checking package dependencies ... OK
* checking if this is a source package ... OK
* checking if there is a namespace ... OK
* checking for executable files ... OK
* checking for hidden files and directories ... OK
* checking for portable file names ... OK
* checking whether package 'dieroller' can be installed ... OK
* checking installed package size ... OK
* checking package directory ... OK
* checking DESCRIPTION meta-information ... WARNING
Non-standard license specification:
  stat-133.spring.2018.uc-berkeley
Standardizable: FALSE
* checking top-level files ... OK
* checking for left-over files ... OK
* checking index information ... OK
* checking package subdirectories ... OK
* checking R files for non-ASCII characters ... OK
* checking R files for syntax errors ... OK
* checking whether the package can be loaded ... OK
* checking whether the package can be loaded with stated dependencies ... OK
* checking whether the package can be unloaded cleanly ... OK
* checking whether the namespace can be loaded with stated dependencies ... OK
* checking whether the namespace can be unloaded cleanly ... OK
* checking loading without being on the library search path ... OK
* checking use of S3 registration ... OK
* checking dependencies in R code ... OK
* checking S3 generic/method consistency ... WARNING
print:
  function(x, ...)
print.die:
  function(x)

print:
  function(x, ...)
print.roll:
  function(x)

summary:
  function(object, ...)
summary.roll:
  function(x)

See section 'Generic functions and methods' in the 'Writing R
Extensions' manual.

Found the following apparent S3 methods exported but not registered:
  plot.roll print.die print.roll print.summary.roll summary.roll
See section 'Registering S3 methods' in the 'Writing R Extensions'
manual.
* checking replacement functions ... OK
* checking foreign function calls ... OK
* checking R code for possible problems ... NOTE
plot.roll: no visible global function definition for 'barplot'
plot.roll: no visible global function definition for 'title'
Undefined global functions or variables:
  barplot title
Consider adding
  importFrom("graphics", "barplot", "title")
to your NAMESPACE file.
* checking Rd files ... OK
* checking Rd metadata ... OK
* checking Rd line widths ... OK
* checking Rd cross-references ... OK
* checking for missing documentation entries ... WARNING
Undocumented code objects:
  'check_prob' 'check_sides' 'check_times' 'die' 'fair_die' 'plot.roll'
  'print.die' 'print.roll' 'print.summary.roll' 'roll' 'summary.roll'
All user-level objects in a package should have documentation entries.
See chapter 'Writing R documentation files' in the 'Writing R
Extensions' manual.
* checking for code/documentation mismatches ... WARNING
Functions or methods with usage in documentation object 'hello' but not in code:
  hello

* checking Rd \usage sections ... OK
* checking Rd contents ... OK
* checking for unstated dependencies in examples ... OK
* checking examples ... ERROR
Running examples in 'dieroller-Ex.R' failed
The error most likely occurred in:

> base::assign(".ptime", proc.time(), pos = "CheckExEnv")
> ### Name: hello
> ### Title: Hello, World!
> ### Aliases: hello
> 
> ### ** Examples
> 
> hello()
Error in hello() : could not find function "hello"
Execution halted
* DONE
Status: 1 ERROR, 4 WARNINGs, 2 NOTEs
